[    0.000000] Linux version 4.15.0-212-generic (buildd@lcy02-amd64-083) (gcc version 7.5.0 (Ubuntu 7.5.0-3ubuntu1~18.04)) #223-Ubuntu SMP Tue May 23 13:09:22 UTC 2023 (Ubuntu 4.15.0-212.223-generic 4.15.18)
[    0.000000] Command line: BOOT_IMAGE=/boot/vmlinuz-4.15.0-212-generic root=LABEL=cloudimg-rootfs ro console=tty1 console=ttyS0
[    0.000000] KERNEL supported cpus:
[    0.000000]   Intel GenuineIntel
[    0.000000]   AMD AuthenticAMD
[    0.000000]   Centaur CentaurHauls
[    0.000000] x86/fpu: x87 FPU will use FXSAVE
[    0.000000] e820: BIOS-provided physical RAM map:
[    0.000000] BIOS-e820: [mem 0x0000000000000000-0x000000000009fbff] usable
[    0.000000] BIOS-e820: [mem 0x000000000009fc00-0x000000000009ffff] reserved
[    0.000000] BIOS-e820: [mem 0x00000000000f0000-0x00000000000fffff] reserved
[    0.000000] BIOS-e820: [mem 0x0000000000100000-0x000000003ffeffff] usable
[    0.000000] BIOS-e820: [mem 0x000000003fff0000-0x000000003fffffff] ACPI data
[    0.000000] BIOS-e820: [mem 0x00000000fec00000-0x00000000fec00fff] reserved
[    0.000000] BIOS-e820: [mem 0x00000000fee00000-0x00000000fee00fff] reserved
[    0.000000] BIOS-e820: [mem 0x00000000fffc0000-0x00000000ffffffff] reserved
[    0.000000] NX (Execute Disable) protection: active
[    0.000000] SMBIOS 2.5 present.
[    0.000000] DMI: innotek GmbH VirtualBox/VirtualBox, BIOS VirtualBox 12/01/2006
[    0.000000] Hypervisor detected: KVM
[    0.000000] e820: last_pfn = 0x3fff0 max_arch_pfn = 0x400000000
[    0.000000] x86/PAT: Configuration [0-7]: WB  WC  UC- UC  WB  WP  UC- WT  
[    0.000000] CPU MTRRs all blank - virtualized system.
[    0.000000] found SMP MP-table at [mem 0x0009fbf0-0x0009fbff]
[    0.000000] Scanning 1 areas for low memory corruption
[    0.000000] RAMDISK: [mem 0x359cb000-0x36cdcfff]
[    0.000000] ACPI: Early table checksum verification disabled
[    0.000000] ACPI: RSDP 0x00000000000E0000 000024 (v02 VBOX  )
[    0.000000] ACPI: XSDT 0x000000003FFF0030 00003C (v01 VBOX   VBOXXSDT 00000001 ASL  00000061)
[    0.000000] ACPI: FACP 0x000000003FFF00F0 0000F4 (v04 VBOX   VBOXFACP 00000001 ASL  00000061)
[    0.000000] ACPI: DSDT 0x000000003FFF0610 002353 (v02 VBOX   VBOXBIOS 00000002 INTL 20100528)
[    0.000000] ACPI: FACS 0x000000003FFF0200 000040
[    0.000000] ACPI: FACS 0x000000003FFF0200 000040
[    0.000000] ACPI: APIC 0x000000003FFF0240 00005C (v02 VBOX   VBOXAPIC 00000001 ASL  00000061)
[    0.000000] ACPI: SSDT 0x000000003FFF02A0 00036C (v01 VBOX   VBOXCPUT 00000002 INTL 20100528)
[    0.000000] ACPI: Reserving FACP table memory at [mem 0x3fff00f0-0x3fff01e3]
[    0.000000] ACPI: Reserving DSDT table memory at [mem 0x3fff0610-0x3fff2962]
[    0.000000] ACPI: Reserving FACS table memory at [mem 0x3fff0200-0x3fff023f]
[    0.000000] ACPI: Reserving FACS table memory at [mem 0x3fff0200-0x3fff023f]
[    0.000000] ACPI: Reserving APIC table memory at [mem 0x3fff0240-0x3fff029b]
[    0.000000] ACPI: Reserving SSDT table memory at [mem 0x3fff02a0-0x3fff060b]
[    0.000000] No NUMA configuration found
[    0.000000] Faking a node at [mem 0x0000000000000000-0x000000003ffeffff]
[    0.000000] NODE_DATA(0) allocated [mem 0x3ffc5000-0x3ffeffff]
[    0.000000] kvm-clock: cpu 0, msr 0:3ff44001, primary cpu clock
[    0.000000] kvm-clock: Using msrs 4b564d01 and 4b564d00
[    0.000000] kvm-clock: using sched offset of 3770904942 cycles
[    0.000000] clocksource: kvm-clock: mask: 0xffffffffffffffff max_cycles: 0x1cd42e4dffb, max_idle_ns: 881590591483 ns
[    0.000000] Zone ranges:
[    0.000000]   DMA      [mem 0x0000000000001000-0x0000000000ffffff]
[    0.000000]   DMA32    [mem 0x0000000001000000-0x000000003ffeffff]
[    0.000000]   Normal   empty
[    0.000000]   Device   empty
[    0.000000] Movable zone start for each node
[    0.000000] Early memory node ranges
[    0.000000]   node   0: [mem 0x0000000000001000-0x000000000009efff]
[    0.000000]   node   0: [mem 0x0000000000100000-0x000000003ffeffff]
[    0.000000] Reserved but unavailable: 104 pages
[    0.000000] Initmem setup node 0 [mem 0x0000000000001000-0x000000003ffeffff]
[    0.000000] ACPI: PM-Timer IO Port: 0x4008
[    0.000000] IOAPIC[0]: apic_id 2, version 32, address 0xfec00000, GSI 0-23
[    0.000000] ACPI: INT_SRC_OVR (bus 0 bus_irq 0 global_irq 2 dfl dfl)
[    0.000000] ACPI: INT_SRC_OVR (bus 0 bus_irq 9 global_irq 9 low level)
[    0.000000] Using ACPI (MADT) for SMP configuration information
[    0.000000] smpboot: Allowing 2 CPUs, 0 hotplug CPUs
[    0.000000] PM: Registered nosave memory: [mem 0x00000000-0x00000fff]
[    0.000000] PM: Registered nosave memory: [mem 0x0009f000-0x0009ffff]
[    0.000000] PM: Registered nosave memory: [mem 0x000a0000-0x000effff]
[    0.000000] PM: Registered nosave memory: [mem 0x000f0000-0x000fffff]
[    0.000000] e820: [mem 0x40000000-0xfebfffff] available for PCI devices
[    0.000000] Booting paravirtualized kernel on KVM
[    0.000000] clocksource: refined-jiffies: mask: 0xffffffff max_cycles: 0xffffffff, max_idle_ns: 7645519600211568 ns
[    0.000000] setup_percpu: NR_CPUS:8192 nr_cpumask_bits:2 nr_cpu_ids:2 nr_node_ids:1
[    0.000000] percpu: Embedded 50 pages/cpu s167936 r8192 d28672 u1048576
[    0.000000] PV qspinlock hash table entries: 256 (order: 0, 4096 bytes)
[    0.000000] Built 1 zonelists, mobility grouping on.  Total pages: 257913
[    0.000000] Policy zone: DMA32
[    0.000000] Kernel command line: BOOT_IMAGE=/boot/vmlinuz-4.15.0-212-generic root=LABEL=cloudimg-rootfs ro console=tty1 console=ttyS0
[    0.000000] Memory: 982644K/1048120K available (12300K kernel code, 2477K rwdata, 4324K rodata, 2480K init, 2720K bss, 65476K reserved, 0K cma-reserved)
[    0.000000] SLUB: HWalign=64, Order=0-3, MinObjects=0, CPUs=2, Nodes=1
[    0.000000] ftrace: allocating 39508 entries in 155 pages
[    0.004000] Hierarchical RCU implementation.
[    0.004000] 	RCU restricting CPUs from NR_CPUS=8192 to nr_cpu_ids=2.
[    0.004000] 	Tasks RCU enabled.
[    0.004000] RCU: Adjusting geometry for rcu_fanout_leaf=16, nr_cpu_ids=2
[    0.004000] NR_IRQS: 524544, nr_irqs: 440, preallocated irqs: 16
[    0.004000] random: crng init done
[    0.004000] Console: colour VGA+ 80x25
[    0.004000] console [tty1] enabled
[    0.004000] console [ttyS0] enabled
[    0.004000] ACPI: Core revision 20170831
[    0.004000] ACPI: 2 ACPI AML tables successfully acquired and loaded
[    0.004000] APIC: Switch to symmetric I/O mode setup
[    0.004000] ..TIMER: vector=0x30 apic1=0 pin1=2 apic2=-1 pin2=-1
[    0.004006] tsc: Detected 3417.600 MHz processor
[    0.008008] Calibrating delay loop (skipped) preset value.. 6835.20 BogoMIPS (lpj=13670400)
[    0.012007] pid_max: default: 32768 minimum: 301
[    0.016109] Security Framework initialized
[    0.020006] Yama: becoming mindful.
[    0.024116] AppArmor: AppArmor initialized
[    0.037503] Dentry cache hash table entries: 131072 (order: 8, 1048576 bytes)
[    0.044893] Inode-cache hash table entries: 65536 (order: 7, 524288 bytes)
[    0.048111] Mount-cache hash table entries: 2048 (order: 2, 16384 bytes)
[    0.052097] Mountpoint-cache hash table entries: 2048 (order: 2, 16384 bytes)
[    0.059182] Last level iTLB entries: 4KB 0, 2MB 0, 4MB 0
[    0.060006] Last level dTLB entries: 4KB 0, 2MB 0, 4MB 0, 1GB 0
[    0.064006] Spectre V1 : Mitigation: usercopy/swapgs barriers and __user pointer sanitization
[    0.068003] Spectre V2 : Mitigation: Enhanced IBRS
[    0.072004] Spectre V2 : Spectre v2 / SpectreRSB mitigation: Filling RSB on context switch
[    0.076007] Spectre V2 : Spectre v2 / PBRSB-eIBRS: Retire a single CALL on VMEXIT
[    0.080006] RETBleed: Mitigation: Enhanced IBRS
[    0.084006] Speculative Store Bypass: Vulnerable
[    0.088159] Freeing SMP alternatives memory: 36K
[    0.205244] smpboot: CPU0: Intel(R) Core(TM) i7-14700KF (family: 0x6, model: 0xb7, stepping: 0x1)
[    0.208578] Performance Events: unsupported p6 CPU model 183 no PMU driver, software events only.
[    0.212161] Hierarchical SRCU implementation.
[    0.216779] NMI watchdog: Perf event create on CPU 0 failed with -2
[    0.220005] NMI watchdog: Perf NMI watchdog permanently disabled
[    0.224465] smp: Bringing up secondary CPUs ...
[    0.232060] x86: Booting SMP configuration:
[    0.236008] .... node  #0, CPUs:      #1
[    0.004000] kvm-clock: cpu 1, msr 0:3ff44041, secondary cpu clock
[    0.252846] smp: Brought up 1 node, 2 CPUs
[    0.256005] smpboot: Max logical packages: 1
[    0.260006] smpboot: Total of 2 processors activated (13670.40 BogoMIPS)
[    0.266664] devtmpfs: initialized
[    0.268112] x86/mm: Memory block size: 128MB
[    0.272479] evm: security.selinux
[    0.276002] evm: security.SMACK64
[    0.280001] evm: security.SMACK64EXEC
[    0.284005] evm: security.SMACK64TRANSMUTE
[    0.288004] evm: security.SMACK64MMAP
[    0.291955] evm: security.apparmor
[    0.292004] evm: security.ima
[    0.296001] evm: security.capability
[    0.304335] clocksource: jiffies: mask: 0xffffffff max_cycles: 0xffffffff, max_idle_ns: 7645041785100000 ns
[    0.308014] futex hash table entries: 512 (order: 3, 32768 bytes)
[    0.312287] pinctrl core: initialized pinctrl subsystem
[    0.316677] RTC time: 12:55:39, date: 05/17/25
[    0.321450] NET: Registered protocol family 16
[    0.324153] audit: initializing netlink subsys (disabled)
[    0.330526] audit: type=2000 audit(1747486544.081:1): state=initialized audit_enabled=0 res=1
[    0.332004] cpuidle: using governor ladder
[    0.340671] cpuidle: using governor menu
[    0.344047] ACPI: bus type PCI registered
[    0.348003] acpiphp: ACPI Hot Plug PCI Controller Driver version: 0.5
[    0.352678] PCI: Using configuration type 1 for base access
[    0.364357] HugeTLB registered 2.00 MiB page size, pre-allocated 0 pages
[    0.372732] ACPI: Added _OSI(Module Device)
[    0.380006] ACPI: Added _OSI(Processor Device)
[    0.384002] ACPI: Added _OSI(3.0 _SCP Extensions)
[    0.388002] ACPI: Added _OSI(Processor Aggregator Device)
[    0.392630] ACPI: Added _OSI(Linux-Dell-Video)
[    0.400003] ACPI: Added _OSI(Linux-Lenovo-NV-HDMI-Audio)
[    0.408004] ACPI: Added _OSI(Linux-HPI-Hybrid-Graphics)
[    0.417075] ACPI: Executed 1 blocks of module-level executable AML code
[    0.431390] ACPI: Interpreter enabled
[    0.436010] ACPI: (supports S0 S5)
[    0.440004] ACPI: Using IOAPIC for interrupt routing
[    0.448478] PCI: Using host bridge windows from ACPI; if necessary, use "pci=nocrs" and report a bug
[    0.460308] ACPI: Enabled 2 GPEs in block 00 to 07
[    0.478437] ACPI: PCI Root Bridge [PCI0] (domain 0000 [bus 00-ff])
[    0.484005] acpi PNP0A03:00: _OSC: OS supports [ASPM ClockPM Segments MSI]
[    0.492926] acpi PNP0A03:00: _OSC: not requesting OS control; OS requires [ExtendedConfig ASPM ClockPM MSI]
[    0.504016] acpi PNP0A03:00: fail to add MMCONFIG information, can't access extended PCI configuration space under this bridge.
[    0.520925] PCI host bridge to bus 0000:00
[    0.524006] pci_bus 0000:00: root bus resource [io  0x0000-0x0cf7 window]
[    0.532004] pci_bus 0000:00: root bus resource [io  0x0d00-0xffff window]
[    0.540006] pci_bus 0000:00: root bus resource [mem 0x000a0000-0x000bffff window]
[    0.548006] pci_bus 0000:00: root bus resource [mem 0x40000000-0xfdffffff window]
[    0.556003] pci_bus 0000:00: root bus resource [bus 00-ff]
[    0.574893] pci 0000:00:01.1: legacy IDE quirk: reg 0x10: [io  0x01f0-0x01f7]
[    0.580004] pci 0000:00:01.1: legacy IDE quirk: reg 0x14: [io  0x03f6]
[    0.588004] pci 0000:00:01.1: legacy IDE quirk: reg 0x18: [io  0x0170-0x0177]
[    0.596003] pci 0000:00:01.1: legacy IDE quirk: reg 0x1c: [io  0x0376]
[    0.632915] pci 0000:00:07.0: quirk: [io  0x4000-0x403f] claimed by PIIX4 ACPI
[    0.640049] pci 0000:00:07.0: quirk: [io  0x4100-0x410f] claimed by PIIX4 SMB
[    0.655161] ACPI: PCI Interrupt Link [LNKA] (IRQs 5 9 10 *11)
[    0.664734] ACPI: PCI Interrupt Link [LNKB] (IRQs 5 9 *10 11)
[    0.672288] ACPI: PCI Interrupt Link [LNKC] (IRQs 5 *9 10 11)
[    0.680279] ACPI: PCI Interrupt Link [LNKD] (IRQs 5 9 10 *11)
[    0.689012] SCSI subsystem initialized
[    0.696300] pci 0000:00:02.0: vgaarb: setting as boot VGA device
[    0.700000] pci 0000:00:02.0: vgaarb: VGA device added: decodes=io+mem,owns=io+mem,locks=none
[    0.712006] pci 0000:00:02.0: vgaarb: bridge control possible
[    0.720005] vgaarb: loaded
[    0.724025] ACPI: bus type USB registered
[    0.728043] usbcore: registered new interface driver usbfs
[    0.736022] usbcore: registered new interface driver hub
[    0.744009] usbcore: registered new device driver usb
[    0.748300] EDAC MC: Ver: 3.0.0
[    0.757334] PCI: Using ACPI for IRQ routing
[    0.764342] NetLabel: Initializing
[    0.768003] NetLabel:  domain hash size = 128
[    0.772003] NetLabel:  protocols = UNLABELED CIPSOv4 CALIPSO
[    0.780223] NetLabel:  unlabeled traffic allowed by default
[    0.789353] clocksource: Switched to clocksource kvm-clock
[    0.841247] VFS: Disk quotas dquot_6.6.0
[    0.852165] VFS: Dquot-cache hash table entries: 512 (order 0, 4096 bytes)
[    0.860664] AppArmor: AppArmor Filesystem Enabled
[    0.866326] pnp: PnP ACPI init
[    0.873776] pnp: PnP ACPI: found 3 devices
[    0.886696] clocksource: acpi_pm: mask: 0xffffff max_cycles: 0xffffff, max_idle_ns: 2085701024 ns
[    0.896942] NET: Registered protocol family 2
[    0.902986] IP idents hash table entries: 16384 (order: 5, 131072 bytes)
[    0.911202] TCP established hash table entries: 8192 (order: 4, 65536 bytes)
[    0.919481] TCP bind hash table entries: 8192 (order: 5, 131072 bytes)
[    0.927981] TCP: Hash tables configured (established 8192 bind 8192)
[    0.936655] UDP hash table entries: 512 (order: 2, 16384 bytes)
[    0.943536] UDP-Lite hash table entries: 512 (order: 2, 16384 bytes)
[    0.950901] NET: Registered protocol family 1
[    0.956210] pci 0000:00:00.0: Limiting direct PCI/PCI transfers
[    0.963270] pci 0000:00:01.0: Activating ISA DMA hang workarounds
[    0.970932] pci 0000:00:02.0: Video device with shadowed ROM at [mem 0x000c0000-0x000dffff]
[    0.980970] Unpacking initramfs...
[    1.543898] Freeing initrd memory: 19528K
[    1.550099] clocksource: tsc: mask: 0xffffffffffffffff max_cycles: 0x3143404a908, max_idle_ns: 440795209397 ns
[    1.562244] platform rtc_cmos: registered platform RTC device (no PNP device found)
[    1.571293] Scanning for low memory corruption every 60 seconds
[    1.579523] Initialise system trusted keyrings
[    1.585397] Key type blacklist registered
[    1.592357] workingset: timestamp_bits=36 max_order=18 bucket_order=0
[    1.605456] zbud: loaded
[    1.611591] squashfs: version 4.0 (2009/01/31) Phillip Lougher
[    1.622268] fuse init (API version 7.26)
[    1.663918] Key type asymmetric registered
[    1.669580] Asymmetric key parser 'x509' registered
[    1.676381] Block layer SCSI generic (bsg) driver version 0.4 loaded (major 246)
[    1.686177] io scheduler noop registered
[    1.691640] io scheduler deadline registered
[    1.697217] io scheduler cfq registered (default)
[    1.703580] ACPI: AC Adapter [AC] (on-line)
[    1.711119] input: Power Button as /devices/LNXSYSTM:00/LNXPWRBN:00/input/input0
[    1.723025] ACPI: Power Button [PWRF]
[    1.728322] input: Sleep Button as /devices/LNXSYSTM:00/LNXSLPBN:00/input/input1
[    1.737384] ACPI: Sleep Button [SLPF]
[    1.744097] Serial: 8250/16550 driver, 32 ports, IRQ sharing enabled
[    1.786518] 00:02: ttyS0 at I/O 0x3f8 (irq = 4, base_baud = 115200) is a 16550A
[    1.798931] Linux agpgart interface v0.103
[    1.809843] loop: module loaded
[    1.821622] scsi host0: ata_piix
[    1.828504] scsi host1: ata_piix
[    1.832174] ata1: PATA max UDMA/33 cmd 0x1f0 ctl 0x3f6 bmdma 0xd000 irq 14
[    1.839771] ata2: PATA max UDMA/33 cmd 0x170 ctl 0x376 bmdma 0xd008 irq 15
[    1.847367] tun: Universal TUN/TAP device driver, 1.6
[    1.855389] PPP generic driver version 2.4.2
[    1.860824] ehci_hcd: USB 2.0 'Enhanced' Host Controller (EHCI) Driver
[    1.868826] ehci-pci: EHCI PCI platform driver
[    1.873855] ehci-platform: EHCI generic platform driver
[    1.879443] ohci_hcd: USB 1.1 'Open' Host Controller (OHCI) Driver
[    1.885933] ohci-pci: OHCI PCI platform driver
[    1.890839] ohci-platform: OHCI generic platform driver
[    1.896312] uhci_hcd: USB Universal Host Controller Interface driver
[    1.902964] i8042: PNP: PS/2 Controller [PNP0303:PS2K,PNP0f03:PS2M] at 0x60,0x64 irq 1,12
[    1.915525] serio: i8042 KBD port at 0x60,0x64 irq 1
[    1.920832] serio: i8042 AUX port at 0x60,0x64 irq 12
[    1.928669] mousedev: PS/2 mouse device common for all mice
[    1.941569] rtc_cmos rtc_cmos: rtc core: registered rtc_cmos as rtc0
[    1.950378] rtc_cmos rtc_cmos: alarms up to one day, 114 bytes nvram
[    1.959100] i2c /dev entries driver
[    1.965406] input: AT Translated Set 2 keyboard as /devices/platform/i8042/serio0/input/input2
[    1.975453] device-mapper: uevent: version 1.0.3
[    1.981107] device-mapper: ioctl: 4.37.0-ioctl (2017-09-20) initialised: dm-devel@redhat.com
[    1.993015] ledtrig-cpu: registered to indicate activity on CPUs
[    2.009100] NET: Registered protocol family 10
[    2.021104] Segment Routing with IPv6
[    2.025398] NET: Registered protocol family 17
[    2.030177] Key type dns_resolver registered
[    2.049009] mce: Using 0 MCE banks
[    2.053805] RAS: Correctable Errors collector initialized.
[    2.060303] sched_clock: Marking stable (2060216127, 0)->(2885608964, -825392837)
[    2.078157] registered taskstats version 1
[    2.083456] Loading compiled-in X.509 certificates
[    2.095721] Loaded X.509 cert 'Build time autogenerated kernel key: b5b26778eaa3ab3a4a6cee031137706e947d12ad'
[    2.109257] Loaded X.509 cert 'Canonical Ltd. Live Patch Signing: 14df34d1a87cf37625abec039ef2bf521249b969'
[    2.121592] Loaded X.509 cert 'Canonical Ltd. Kernel Module Signing: 88f752e560a1e0737e31163a466ad7b70a850c19'
[    2.133352] blacklist: Loading compiled-in revocation X.509 certificates
[    2.141221] Loaded X.509 cert 'Canonical Ltd. Secure Boot Signing: 61482aa2830d0ab2ad5af10b7250da9033ddcef0'
[    2.152733] Loaded X.509 cert 'Canonical Ltd. Secure Boot Signing (2017): 242ade75ac4a15e50d50c84b0d45ff3eae707a03'
[    2.165781] Loaded X.509 cert 'Canonical Ltd. Secure Boot Signing (ESM 2018): 365188c1d374d6b07c3c8f240f8ef722433d6a8b'
[    2.178064] Loaded X.509 cert 'Canonical Ltd. Secure Boot Signing (2019): c0746fd6c5da3ae827864651ad66ae47fe24b3e8'
[    2.190029] Loaded X.509 cert 'Canonical Ltd. Secure Boot Signing (2021 v1): a8d54bbb3825cfb94fa13c9f8a594a195c107b8d'
[    2.202167] Loaded X.509 cert 'Canonical Ltd. Secure Boot Signing (2021 v2): 4cf046892d6fd3c9a5b03f98d845f90851dc6a8c'
[    2.215169] Loaded X.509 cert 'Canonical Ltd. Secure Boot Signing (2021 v3): 100437bb6de6e469b581e61cd66bce3ef4ed53af'
[    2.227492] Loaded X.509 cert 'Canonical Ltd. Secure Boot Signing (Ubuntu Core 2019): c1d57b8f6b743f23ee41f4f7ee292f06eecadfb9'
[    2.240634] zswap: loaded using pool lzo/zbud
[    2.264656] Key type big_key registered
[    2.270167] Key type trusted registered
[    2.280455] Key type encrypted registered
[    2.286044] AppArmor: AppArmor sha1 policy hashing enabled
[    2.293072] ima: No TPM chip found, activating TPM-bypass! (rc=-19)
[    2.301140] ima: Allocated hash algorithm: sha1
[    2.306709] evm: HMAC attrs: 0x1
[    2.312692]   Magic number: 9:434:936
[    2.318210] rtc_cmos rtc_cmos: setting system clock to 2025-05-17 12:55:41 UTC (1747486541)
[    2.328529] BIOS EDD facility v0.16 2004-Jun-25, 0 devices found
[    2.335822] EDD information not available.
[    2.345893] Freeing unused kernel image memory: 2480K
[    2.368180] Write protecting the kernel read-only data: 20480k
[    2.376142] Freeing unused kernel image memory: 2008K
[    2.383307] Freeing unused kernel image memory: 1820K
[    2.393332] x86/mm: Checked W+X mappings: passed, no W+X pages found.
Loading, please wait...
starting version 237
[    2.522673] Fusion MPT base driver 3.04.20
[    2.527258] Copyright (c) 1999-2008 LSI Corporation
[    2.550541] e1000: Intel(R) PRO/1000 Network Driver - version 7.3.21-k8-NAPI
[    2.558264] e1000: Copyright (c) 1999-2006 Intel Corporation.
[    2.582673] Fusion MPT SPI Host driver 3.04.20
[    2.590707] SSE version of gcm_enc/dec engaged.
[    2.801783] input: ImExPS/2 Generic Explorer Mouse as /devices/platform/i8042/serio1/input/input4
[    3.502504] e1000 0000:00:03.0 eth0: (PCI:33MHz:32-bit) 02:3b:7b:b7:3b:2d
[    3.510414] e1000 0000:00:03.0 eth0: Intel(R) PRO/1000 Network Connection
[    3.522724] e1000 0000:00:03.0 enp0s3: renamed from eth0
[    3.522881] mptbase: ioc0: Initiating bringup
[    3.663297] ioc0: LSI53C1030 A0: Capabilities={Initiator}
[    4.467375] scsi host2: ioc0: LSI53C1030 A0, FwRev=00000000h, Ports=1, MaxQ=256, IRQ=20
[    5.267344] scsi 2:0:0:0: Direct-Access     VBOX     HARDDISK         1.0  PQ: 0 ANSI: 5
[    5.320256] scsi target2:0:0: Beginning Domain Validation
[    5.335516] scsi target2:0:0: Domain Validation skipping write tests
[    5.342439] scsi target2:0:0: Ending Domain Validation
[    5.348589] scsi target2:0:0: asynchronous
[    5.355707] scsi 2:0:1:0: Direct-Access     VBOX     HARDDISK         1.0  PQ: 0 ANSI: 5
[    5.396128] scsi target2:0:1: Beginning Domain Validation
[    5.403158] scsi target2:0:1: Domain Validation skipping write tests
[    5.411901] scsi target2:0:1: Ending Domain Validation
[    5.420757] scsi target2:0:1: asynchronous
[    5.454640] sd 2:0:0:0: Attached scsi generic sg0 type 0
[    5.455861] sd 2:0:0:0: [sda] 83886080 512-byte logical blocks: (42.9 GB/40.0 GiB)
[    5.460700] sd 2:0:1:0: Attached scsi generic sg1 type 0
[    5.470258] sd 2:0:1:0: [sdb] 20480 512-byte logical blocks: (10.5 MB/10.0 MiB)
[    5.484656] sd 2:0:0:0: [sda] Write Protect is off
[    5.490390] sd 2:0:0:0: [sda] Incomplete mode parameter data
[    5.497078] sd 2:0:0:0: [sda] Assuming drive cache: write through
[    5.504482] sd 2:0:1:0: [sdb] Write Protect is off
[    5.510483] sd 2:0:1:0: [sdb] Incomplete mode parameter data
[    5.516307] sd 2:0:1:0: [sdb] Assuming drive cache: write through
[    5.527923]  sda: sda1
[    5.535023] sd 2:0:0:0: [sda] Attached SCSI disk
[    5.543833] sd 2:0:1:0: [sdb] Attached SCSI disk
Begin: Loading essential drivers ... [    7.380532] raid6: sse2x1   gen() 15560 MB/s
[    7.433016] raid6: sse2x1   xor()  9559 MB/s
[    7.484091] raid6: sse2x2   gen() 19559 MB/s
[    7.536194] raid6: sse2x2   xor() 11514 MB/s
[    7.584272] raid6: sse2x4   gen() 20457 MB/s
[    7.636318] raid6: sse2x4   xor() 11373 MB/s
[    7.641043] raid6: using algorithm sse2x4 gen() 20457 MB/s
[    7.647045] raid6: .... xor() 11373 MB/s, rmw enabled
[    7.653030] raid6: using ssse3x2 recovery algorithm
[    7.663462] xor: measuring software checksum speed
[    7.709650]    prefetch64-sse: 26198.000 MB/sec
[    7.753548]    generic_sse: 24590.000 MB/sec
[    7.760288] xor: using function: prefetch64-sse (26198.000 MB/sec)
[    7.772926] async_tx: api initialized (async)
done.
Begin: Running /scripts/init-premount ... done.
Begin: Mounting root file system ... Begin: Running /scripts/local-top ... done.
Begin: Running /scripts/local-premount ... [    7.870501] Btrfs loaded, crc32c=crc32c-intel
Scanning for Btrfs filesystems
done.
Warning: fsck not present, so skipping root file system
[    7.923672] EXT4-fs (sda1): mounted filesystem with ordered data mode. Opts: (null)
done.
Begin: Running /scripts/local-bottom ... done.
Begin: Running /scripts/init-bottom ... done.
[    8.092301] ip_tables: (C) 2000-2006 Netfilter Core Team
[    8.101097] systemd[1]: systemd 237 running in system mode. (+PAM +AUDIT +SELINUX +IMA +APPARMOR +SMACK +SYSVINIT +UTMP +LIBCRYPTSETUP +GCRYPT +GNUTLS +ACL +XZ +LZ4 +SECCOMP +BLKID +ELFUTILS +KMOD -IDN2 +IDN -PCRE2 default-hierarchy=hybrid)
[    8.114348] systemd[1]: Detected virtualization oracle.
[    8.119752] systemd[1]: Detected architecture x86-64.

Welcome to [1mUbuntu 18.04.6 LTS[0m!

[    8.164253] systemd[1]: Set hostname to <ubuntu>.
[    8.168401] systemd[1]: Initializing machine ID from random generator.
[    8.170703] systemd[1]: Installed transient /etc/machine-id file.
[    8.417332] systemd[1]: Set up automount Arbitrary Executable File Formats File System Automount Point.
[[0;32m  OK  [0m] Set up automount Arbitrary Executab…rmats File System Automount Point.
[    8.430144] systemd[1]: Reached target System Time Synchronized.
[[0;32m  OK  [0m] Reached target System Time Synchronized.
[    8.442203] systemd[1]: Reached target Mounting snaps.
[[0;32m  OK  [0m] Reached target Mounting snaps.
[    8.453307] systemd[1]: Reached target Mounted snaps.
[[0;32m  OK  [0m] Reached target Mounted snaps.
[[0;32m  OK  [0m] Created slice User and Session Slice.
[[0;32m  OK  [0m] Created slice System Slice.
[[0;32m  OK  [0m] Listening on Journal Audit Socket.
[[0;32m  OK  [0m] Listening on Device-mapper event daemon FIFOs.
[[0;32m  OK  [0m] Listening on Journal Socket.
         Starting Create list of required st…ce nodes for the current kernel...
         Mounting Huge Pages File System...
         Starting Uncomplicated firewall...
[[0;32m  OK  [0m] Listening on udev Control Socket.
         Mounting Kernel Debug File System...
[[0;32m  OK  [0m] Reached target Slices.
[[0;32m  OK  [0m] Listening on fsck to fsckd communication Socket.
         Starting Set the console keyboard layout...
         Mounting POSIX Message Queue File System...
         Starting Load Kernel Modules...
[[0;32m  OK  [0m] Reached target Swap.
[[0;32m  OK  [0m] Listening on LVM2 poll daemon socket.
[    8.589941] Loading iSCSI transport class v2.0-870.
[[0;32m  OK  [0m] Listening on Syslog Socket.
[[0;32m  OK  [0m] Reached target User and Group Name Lookups.
         Starting File System Check on Root Device...
[[0;32m  OK  [0m] Started Forward Password Requests to Wall Directory Watch.
[[0;32m  OK  [0m] Listening on LVM2 metadata daemon socket.
         Starting Monitoring of LVM2 mirrors…ng dmeventd or progress polling...
[[0;32m  OK  [0m] Listening on Network Service Netlink Socket.
[[0;32m  OK  [0m] Created slice system-serial\x2dgetty.slice.
[[0;32m  OK  [0m] Listening on Journal Socket (/dev/log).
         Starting Journal Service...
[[0;32m  OK  [0m] Listening on udev Kernel Socket.
         Starting udev Coldplug all Devices...
[[0;32m  OK  [0m] Listening on /dev/initctl Compatibility Named Pipe.
[[0;32m  OK  [0m] Started Create list of required sta…vice nodes for the current kernel.
[[0;32m  OK  [0m] Mounted Huge Pages File System.
[[0;32m  OK  [0m] Started Uncomplicated firewall.
[[0;32m  OK  [0m] Mounted Kernel Debug File System.
[[0;32m  OK  [0m] Mounted POSIX Message Queue File System.
         Starting Create Static Device Nodes in /dev...
[    8.680774] iscsi: registered transport (tcp)
[[0;32m  OK  [0m] Started File System Check Daemon to report status.
[[0;32m  OK  [0m] Started LVM2 metadata daemon.
[[0;32m  OK  [0m] Started udev Coldplug all Devices.
[[0;32m  OK  [0m] Started Create Static Device Nodes in /dev.
[    8.788438] iscsi: registered transport (iser)
[[0;32m  OK  [0m] Started Load Kernel Modules.
         Mounting Kernel Configuration File System...
         Mounting FUSE Control File System...
         Starting Apply Kernel Variables...
[[0;32m  OK  [0m] Started Journal Service.
[[0;32m  OK  [0m] Mounted Kernel Configuration File System.
[[0;32m  OK  [0m] Mounted FUSE Control File System.
[[0;32m  OK  [0m] Started File System Check on Root Device.
         Starting Remount Root and Kernel File Systems...
[[0;32m  OK  [0m] Started Monitoring of LVM2 mirrors,…sing dmeventd or progress polling.
[[0;32m  OK  [0m] Started Apply Kernel Variables.
[[0;32m  OK  [0m] Started Remount Root and Kernel File Systems.
         Starting Load/Save Random Seed...
         Starting udev Kernel Device Manager...
         Starting Flush Journal to Persistent Storage...
[[0;32m  OK  [0m] Started Load/Save Random Seed.
[[0;32m  OK  [0m] Started udev Kernel Device Manager.
[[0;32m  OK  [0m] Started Flush Journal to Persistent Storage.
[[0;32m  OK  [0m] Found device /dev/ttyS0.
[[0;32m  OK  [0m] Listening on Load/Save RF Kill Switch Status /dev/rfkill Watch.
[[0;32m  OK  [0m] Started Set the console keyboard layout.
         Mounting Arbitrary Executable File Formats File System...
[[0;32m  OK  [0m] Reached target Local File Systems (Pre).
[[0;32m  OK  [0m] Reached target Local File Systems.
         Starting Set console font and keymap...
         Starting Commit a transient machine-id on disk...
         Starting Create Volatile Files and Directories...
         Starting AppArmor initialization...
         Starting Tell Plymouth To Write Out Runtime Data...
         Starting ebtables ruleset management...
[[0;32m  OK  [0m] Started Dispatch Password Requests to Console Directory Watch.
[[0;32m  OK  [0m] Reached target Local Encrypted Volumes.
[[0;32m  OK  [0m] Mounted Arbitrary Executable File Formats File System.
[[0;32m  OK  [0m] Started Tell Plymouth To Write Out Runtime Data.
[[0;32m  OK  [0m] Started Create Volatile Files and Directories.
         Starting Update UTMP about System Boot/Shutdown...
[[0;32m  OK  [0m] Started Update UTMP about System Boot/Shutdown.
[[0;32m  OK  [0m] Started Commit a transient machine-id on disk.
[[0;32m  OK  [0m] Started ebtables ruleset management.
[[0;32m  OK  [0m] Started AppArmor initialization.
         Starting Load AppArmor profiles managed internally by snapd...
         Starting Initial cloud-init job (pre-networking)...
[[0;32m  OK  [0m] Started Load AppArmor profiles managed internally by snapd.
[[0;32m  OK  [0m] Started Set console font and keymap.
[   11.703553] cloud-init[753]: Cloud-init v. 23.1.2-0ubuntu0~18.04.1 running 'init-local' at Sat, 17 May 2025 12:55:50 +0000. Up 11.37 seconds.
[[0;32m  OK  [0m] Started Initial cloud-init job (pre-networking).
[[0;32m  OK  [0m] Reached target Network (Pre).
         Starting Network Service...
[[0;32m  OK  [0m] Started Network Service.
         Starting Wait for Network to be Configured...
         Starting Network Name Resolution...
[[0;32m  OK  [0m] Started Network Name Resolution.
[[0;32m  OK  [0m] Reached target Network.
[[0;32m  OK  [0m] Reached target Host and Network Name Lookups.
[[0;32m  OK  [0m] Started Wait for Network to be Configured.
         Starting Initial cloud-init job (metadata service crawler)...
[   14.240384] cloud-init[916]: Cloud-init v. 23.1.2-0ubuntu0~18.04.1 running 'init' at Sat, 17 May 2025 12:55:53 +0000. Up 14.11 seconds.
[   14.246356] cloud-init[916]: ci-info: +++++++++++++++++++++++++++++++++++++++++++Net device info++++++++++++++++++++++++++++++++++++++++++++
[   14.253830] cloud-init[916]: ci-info: +--------+------+---------------------------------------+---------------+--------+-------------------+
[   14.260632] cloud-init[916]: ci-info: | Device |  Up  |                Address                |      Mask     | Scope  |     Hw-Address    |
[   14.267159] cloud-init[916]: ci-info: +--------+------+---------------------------------------+---------------+--------+-------------------+
[   14.273588] cloud-init[916]: ci-info: | enp0s3 | True |               10.0.2.15               | 255.255.255.0 | global | 02:3b:7b:b7:3b:2d |
[   14.279135] cloud-init[916]: ci-info: | enp0s3 | True | fd17:625c:f037:2:3b:7bff:feb7:3b2d/64 |       .       | global | 02:3b:7b:b7:3b:2d |
[   14.285845] cloud-init[916]: ci-info: | enp0s3 | True |       fe80::3b:7bff:feb7:3b2d/64      |       .       |  link  | 02:3b:7b:b7:3b:2d |
[   14.293598] cloud-init[916]: ci-info: |   lo   | True |               127.0.0.1               |   255.0.0.0   |  host  |         .         |
[   14.303210] cloud-init[916]: ci-info: |   lo   | True |                ::1/128                |       .       |  host  |         .         |
[   14.312402] cloud-init[916]: ci-info: +--------+------+---------------------------------------+---------------+--------+-------------------+
[   14.320728] cloud-init[916]: ci-info: ++++++++++++++++++++++++++++Route IPv4 info+++++++++++++++++++++++++++++
[   14.326977] cloud-init[916]: ci-info: +-------+-------------+----------+-----------------+-----------+-------+
[   14.333696] cloud-init[916]: ci-info: | Route | Destination | Gateway  |     Genmask     | Interface | Flags |
[   14.339171] cloud-init[916]: ci-info: +-------+-------------+----------+-----------------+-----------+-------+
[   14.344862] cloud-init[916]: ci-info: |   0   |   0.0.0.0   | 10.0.2.2 |     0.0.0.0     |   enp0s3  |   UG  |
[   14.350115] cloud-init[916]: ci-info: |   1   |   10.0.2.0  | 0.0.0.0  |  255.255.255.0  |   enp0s3  |   U   |
[   14.356246] cloud-init[916]: ci-info: |   2   |   10.0.2.2  | 0.0.0.0  | 255.255.255.255 |   enp0s3  |   UH  |
[   14.362130] cloud-init[916]: ci-info: +-------+-------------+----------+-----------------+-----------+-------+
[   14.367073] cloud-init[916]: ci-info: ++++++++++++++++++++++++Route IPv6 info++++++++++++++++++++++++
[   14.372382] cloud-init[916]: ci-info: +-------+-----------------------+---------+-----------+-------+
[   14.379767] cloud-init[916]: ci-info: | Route |      Destination      | Gateway | Interface | Flags |
[   14.386643] cloud-init[916]: ci-info: +-------+-----------------------+---------+-----------+-------+
[   14.394208] cloud-init[916]: ci-info: |   1   | fd17:625c:f037:2::/64 |    ::   |   enp0s3  |   U   |
[   14.399035] cloud-init[916]: ci-info: |   2   |       fe80::/64       |    ::   |   enp0s3  |   U   |
[   14.403718] cloud-init[916]: ci-info: |   3   |          ::/0         | fe80::2 |   enp0s3  |   UG  |
[   14.408430] cloud-init[916]: ci-info: |   5   |         local         |    ::   |   enp0s3  |   U   |
[   14.416240] cloud-init[916]: ci-info: |   6   |        ff00::/8       |    ::   |   enp0s3  |   U   |
[   14.421434] cloud-init[916]: ci-info: +-------+-----------------------+---------+-----------+-------+
[   15.714106] cloud-init[916]: Generating public/private rsa key pair.
[   15.717866] cloud-init[916]: Your identification has been saved in /etc/ssh/ssh_host_rsa_key.
[   15.721366] cloud-init[916]: Your public key has been saved in /etc/ssh/ssh_host_rsa_key.pub.
[   15.724829] cloud-init[916]: The key fingerprint is:
[   15.726807] cloud-init[916]: SHA256:W2AOX+Sr6erJo9eHOzHhwnpSYwUueucPCzRVnpEmJGU root@ubuntu-bionic
[   15.730447] cloud-init[916]: The key's randomart image is:
[   15.733835] cloud-init[916]: +---[RSA 2048]----+
[   15.735726] cloud-init[916]: |    .oE o..      |
[   15.738193] cloud-init[916]: |     oooo=       |
[   15.740309] cloud-init[916]: |     .o+= o      |
[   15.742382] cloud-init[916]: |    ...=oo .     |
[   15.744459] cloud-init[916]: |   .oo oS.o      |
[   15.746510] cloud-init[916]: |  ....B +=       |
[   15.748609] cloud-init[916]: |   ..*.+++       |
[   15.750577] cloud-init[916]: |    oo==+ .      |
[   15.752571] cloud-init[916]: |    .**+++       |
[   15.754841] cloud-init[916]: +----[SHA256]-----+
[   15.756711] cloud-init[916]: Generating public/private dsa key pair.
[   15.759352] cloud-init[916]: Your identification has been saved in /etc/ssh/ssh_host_dsa_key.
[   15.762817] cloud-init[916]: Your public key has been saved in /etc/ssh/ssh_host_dsa_key.pub.
[   15.766398] cloud-init[916]: The key fingerprint is:
[   15.768377] cloud-init[916]: SHA256:886sL5P2dM5cUVwTio61UvRyKg7BIUa3AtTF2SehV1k root@ubuntu-bionic
[   15.772018] cloud-init[916]: The key's randomart image is:
[   15.774622] cloud-init[916]: +---[DSA 1024]----+
[   15.777363] cloud-init[916]: |  .oo+o+o..ooE oo|
[   15.779291] cloud-init[916]: |    o.+o+oooo ..o|
[   15.781751] cloud-init[916]: |     . = .o= +  o|
[   15.783722] cloud-init[916]: |      . o = =  . |
[   15.786080] cloud-init[916]: |       .S+ +  .  |
[   15.788360] cloud-init[916]: |        ooo    . |
[[0;32m  OK  [0m] Started Initial cloud-init job (metadata service crawler).
[[0;32m  OK  [0m] Reached target Cloud-config availability.
[[0;32m  OK  [0m] Reached target System Initialization.
[[0;32m  OK  [0m] Listening on Open-iSCSI iscsid Socket.
[   15.808476] cloud-init[916]: |         oo . .  |
[   15.816193] cloud-init[916]: |        == = .   |
[   15.818613] cloud-init[916]: |       ..** +    |
[   15.821466] cloud-init[916]: +----[SHA256]-----+
[[0;32m  OK  [0m] Started Message of the Day.
[   15.827549] cloud-init[916]: Generating public/private ecdsa key pair.
[[0;32m  OK  [0m] Started Discard unused blocks once a week.
[   15.846978]          Starting LXD - unix socket.
         Starting Socket activation for snappy daemon.
[[0;32m  OK  [0m] Started Daily Cleanup of Temporary Directories.
[[0;32m  OK  [0m] Started ACPI Events Check.
[[0;32m  OK  [0m] Listening on cloud-init hotplug hook socket.
[[0;32m  OK  [0m] Started Ubuntu Advantage Timer for running repeated jobs.
[[0;32m  OK  [0m] Reached target Paths.
[[0;32m  OK  [0m] Listening on ACPID Listen Socket.
[[0;32m  OK  [0m] Started Daily apt download activities.
[[0;32m  OK  [0m] Started Daily apt upgrade and clean activities.
[[0;32m  OK  [0m] Reached target Timers.
[[0;32m  OK  [0m] Listening on UUID daemon activation socket.
[[0;32m  OK  [0m] Listening on D-Bus System Message Bus Socket.
[[0;32m  OK  [0m] Reached target Network is Online.
[[0;32m  OK  [0m] Reached target Remote File Systems (Pre).
[[0;32m  OK  [0m] Reached target Remote File Systems.
         Starting Availability of block devices...
[[0;32m  OK  [0m] Listening on LXD - unix socket.
[[0;32m  OK  [0m] Started Availability of block devices.
[[0;32m  OK  [0m] Listening on Socket activation for snappy daemon.
[[0;32m  OK  [0m] Reached target Sockets.
[[0;32m  OK  [0m] Reached target Basic System.
         Starting Virtualbox guest utils...
cloud-init         Starting Login Service...
[916]: [[0;32m  OK  [0m] Started Deferred execution scheduler.
[[0;32m  OK  [0m] Started D-Bus System Message Bus.
Your identification has been saved in /etc/ssh/ssh_host_ecdsa_key.
[   15.913014] cloud-init[916]: Your public key has been saved in /etc/ssh/ssh_host_ecdsa_key.pub.
[   15.919815] cloud-init[916]: The key fingerprint is:
[   15.927440] cloud-init[916]: SHA256:bFf5tZtIVdqXsBb3DmVj+rl82iPPDaheyNFL3QNnyjA root@ubuntu-bionic
[   15.934567] cloud-init         Starting LSB: automatic crash report generation...
         Starting Accounts Service...
[916]: The key's randomart image is:
[   15.953296] cloud-init[916]: +---[ECDSA 256]---+
[[0;32m  OK  [0m] Started irqbalance daemon.
         Starting LSB: Record successful boot for GRUB...
         Starting Permit User Sessions...
[   15.966803] cloud-init[916]: |             o ++|
[   15.976780] cloud-init[916]: |             .B==|
[   15.985501] cloud-init[916]: |           Eo=o==|
[   15.990784] cloud-init[916]: |       .   o=oB=+|
[   15.992926] cloud-init[916]: |        S o o+o=o|
[   15.995542] cloud-init[916]: |       . o +.oo =|
[   15.998346] cloud-init[916]: |          o +..=.|
[   16.003241] cloud-init[916]: |           o ..=o|
[   16.007640] cloud-init[916]: |         .o   +o+|
[   16.010393] cloud-init[916]: +----[SHA256]-----+
[   16.013379] cloud-init[916]: Generating public/private ed25519 key pair.
[   16.017893] cloud-init[916]: Your identification has been saved in /etc/ssh/ssh_host_ed25519_key.
[   16.022869] cloud-init[916]: Your public key has been saved in /etc/ssh/ssh_host_ed25519_key.pub.
[   16.026843] cloud-init[916]: The key fingerprint is:
[   16.030483] cloud-init[916]: SHA256:2jkn2vdXYUuZfSBGFl0oAuYuoAZImIjtXJtl76uXdww root@ubuntu-bionic
[   16.035777] cloud-init[916]: The key's randomart image is:
[   16.038974] cloud-init[916]: +--[ED25519 256]--+
[   16.042878] cloud-init[916]: |++      o. .+o o.|
[   16.046494] cloud-init[916]: |B . . oo  ..+ +  |
[[   16.073664] cloud-init[916]: |oo ..= ..  o o .+|
[   16.073741] cloud-init[916]: | .o.o. ..      *o|
[   16.073770] cloud-init[916]: |  o   ..S     o +|
[   16.073794] cloud-init[916]: | .     +..E    ..|
[   16.074802] cloud-init[916]: |      . =o.o   . |
[   16.075741] cloud-init[916]: |       o++o o .  |
[   16.076982] cloud-init[916]: |      oo.o o..   |
[   16.077197] cloud-init[916]: +----[SHA256]-----+
[0;32m  OK  [0m] Started Regular background program processing daemon.
[[0;32m  OK  [0m] Started FUSE filesystem for LXC.
         Starting Pollinate to seed the pseudo random number generator...
         Starting LXD - container startup/shutdown...
         Starting System Logging Service...
[[0;32m  OK  [0m] Reached target Login Prompts (Pre).
         Starting Dispatcher daemon for systemd-networkd...
         Starting Snap Daemon...
[[0;32m  OK  [0m] Started System Logging Service.
[[0;32m  OK  [0m] Started Permit User Sessions.
[[0;32m  OK  [0m] Started Login Service.
[[0;32m  OK  [0m] Started Unattended Upgrades Shutdown.
         Starting Authorization Manager...
         Starting Hostname Service...
         Starting Hold until boot process finishes up...
         Starting Terminate Plymouth Boot Screen...
[[0;32m  OK  [0m] Started Hold until boot process finishes up.
         Starting Set console scheme...
[[0;32m  OK  [0m] Started Serial Getty on ttyS0.
[[0;32m  OK  [0m] Started Terminate Plymouth Boot Screen.
[[0;32m  OK  [0m] Started Authorization Manager.
[[0;32m  OK  [0m] Started Accounts Service.
[[0;32m  OK  [0m] Started Set console scheme.
[[0;32m  OK  [0m] Created slice system-getty.slice.
[[0;32m  OK  [0m] Started Getty on tty1.
[[0;32m  OK  [0m] Reached target Login Prompts.
[[0;32m  OK  [0m] Started LSB: automatic crash report generation.
[[0;32m  OK  [0m] Started LXD - container startup/shutdown.
[[0;32m  OK  [0m] Started LSB: Record successful boot for GRUB.
[[0;32m  OK  [0m] Started Hostname Service.
[[0;32m  OK  [0m] Started Virtualbox guest utils.
[[0;32m  OK  [0m] Started Dispatcher daemon for systemd-networkd.
[[0;32m  OK  [0m] Started Snap Daemon.
         Starting Wait until snapd is fully seeded...
[[0;32m  OK  [0m] Started Pollinate to seed the pseudo random number generator.
         Starting OpenBSD Secure Shell server...
[[0;32m  OK  [0m] Started OpenBSD Secure Shell server.
[[0;32m  OK  [0m] Created slice User Slice of vagrant.
         Starting User Manager for UID 1000...
[[0;32m  OK  [0m] Started Session 1 of user vagrant.
[[0;32m  OK  [0m] Started User Manager for UID 1000.
         Starting Time & Date Service...
[[0;32m  OK  [0m] Started Time & Date Service.
[[0;32m  OK  [0m] Started Wait until snapd is fully seeded.
         Starting Apply the settings specified in cloud-config...
[   21.215190] cloud-init[1596]: Cloud-init v. 23.1.2-0ubuntu0~18.04.1 running 'modules:config' at Sat, 17 May 2025 12:55:59 +0000. Up 20.75 seconds.
[[0;32m  OK  [0m] Started Apply the settings specified in cloud-config.
[[0;32m  OK  [0m] Reached target Multi-User System.
[[0;32m  OK  [0m] Reached target Graphical Interface.
         Starting Update UTMP about System Runlevel Changes...
         Starting Execute cloud user/final scripts...
[[0;32m  OK  [0m] Started Update UTMP about System Runlevel Changes.
ci-info: no authorized SSH keys fingerprints found for user ubuntu.
<14>May 17 12:56:00 cloud-init: #############################################################
<14>May 17 12:56:00 cloud-init: -----BEGIN SSH HOST KEY FINGERPRINTS-----
<14>May 17 12:56:00 cloud-init: 1024 SHA256:886sL5P2dM5cUVwTio61UvRyKg7BIUa3AtTF2SehV1k root@ubuntu-bionic (DSA)
<14>May 17 12:56:00 cloud-init: 256 SHA256:bFf5tZtIVdqXsBb3DmVj+rl82iPPDaheyNFL3QNnyjA root@ubuntu-bionic (ECDSA)
<14>May 17 12:56:00 cloud-init: 256 SHA256:2jkn2vdXYUuZfSBGFl0oAuYuoAZImIjtXJtl76uXdww root@ubuntu-bionic (ED25519)
<14>May 17 12:56:00 cloud-init: 2048 SHA256:W2AOX+Sr6erJo9eHOzHhwnpSYwUueucPCzRVnpEmJGU root@ubuntu-bionic (RSA)
<14>May 17 12:56:00 cloud-init: -----END SSH HOST KEY FINGERPRINTS-----
<14>May 17 12:56:00 cloud-init: #############################################################
-----BEGIN SSH HOST KEY KEYS-----
ecdsa-sha2-nistp256 AAAAE2VjZHNhLXNoYTItbmlzdHAyNTYAAAAIbmlzdHAyNTYAAABBBDELTbXr+qIY6JPAbu/waiN/VaWAsleVldWCpwWclwUEsLkqBRFKI1ueNkaZXxbmW2wkhZF8KkvGoRtvq0buFY8= root@ubuntu-bionic
ssh-ed25519 AAAAC3NzaC1lZDI1NTE5AAAAINTkv3K1zyQx3JrylTLenr33KNyWp/A4TEgKMfMTVSmf root@ubuntu-bionic
ssh-rsa AAAAB3NzaC1yc2EAAAADAQABAAABAQDNOfmVHW3/bXdAen5Td29ZyfHw2IT9aIbQaOH8GRiON4sihOdPpeeugtJZw0tqYZgKxqFFKWzpEP6K9lAz3++0th/w1uTr+Hqnk6aHoY6ustlVWS2i7D4dv8dM/X0vQ55+2UCHpXIXYzSaK5gGW3Q6L1wccbOVqiwL6ZraPmSZaZeODcA7hQ+SbXz7ihdHqjmUG+tGM63Lr+YwpjvfVsh0Wt8P9qJszWpRDulNpDqARj2pvWlyK0JRx0o1Zx3le7KWM1eexjc8yynj90yCp9O0VaxnbZ/n9Wb/QHJRBz6iKu/+pDwZfNfh5xKEP2kSMxqLqOKiWPKsCfvm7UpiG1Pn root@ubuntu-bionic
-----END SSH HOST KEY KEYS-----
[   21.876724] cloud-init[1702]: Cloud-init v. 23.1.2-0ubuntu0~18.04.1 running 'modules:final' at Sat, 17 May 2025 12:56:00 +0000. Up 21.66 seconds.
[   21.904375] cloud-init[1702]: Cloud-init v. 23.1.2-0ubuntu0~18.04.1 finished at Sat, 17 May 2025 12:56:01 +0000. Datasource DataSourceNoCloud [seed=/dev/sdb][dsmode=net].  Up 21.86 seconds

Ubuntu 18.04.6 LTS ubuntu-bionic ttyS0

ubuntu-bionic login: 